{
  "RSpec": {
    "coverage": {
      "/Users/rileyblue/turing/1Module/ics/school_challenge_2207/lib/school.rb": {
        "lines": [
          1,
          1,
          null,
          null,
          null,
          1,
          15,
          15,
          15,
          null,
          null,
          1,
          6,
          null,
          null,
          1,
          2,
          2,
          null,
          null,
          1,
          1,
          null,
          null,
          1,
          4,
          null,
          null,
          1,
          1,
          1,
          null,
          null
        ]
      }
    },
    "timestamp": 1657214387
  }
}
