{
  "RSpec": {
    "coverage": {
      "/Users/sandymarie/turing/1module/ics/2207/school_challenge_2207/lib/school.rb": {
        "lines": [
          1,
          1,
          1,
          12,
          12,
          12,
          null,
          null,
          1,
          6,
          null,
          null,
          1,
          2,
          null,
          null,
          1,
          1,
          null,
          null,
          1,
          1,
          null,
          1,
          3,
          null,
          1,
          null,
          null,
          1,
          1,
          null,
          null
        ]
      }
    },
    "timestamp": 1657213322
  }
}
